info it worked if it ends with ok
verbose cli [ 'node', '/usr/local/bin/npm', 'install' ]
info using npm@1.1.1
info using node@v0.6.11
verbose config file /Users/mike/.npmrc
verbose config file /usr/local/etc/npmrc
verbose config file /usr/local/lib/node_modules/npm/npmrc
ERR! Couldn't read dependencies.
ERR! Failed to parse json
ERR! Unexpected token }
ERR! File: /Users/mike/Documents/TroupeGit/troupe1/package.json
ERR! JSON.parse Failed to parse package.json data.
ERR! JSON.parse package.json must be actual JSON, not just JavaScript.
ERR! JSON.parse This is not a bug in npm.
ERR! JSON.parse Tell the package author to fix their package.json file.
ERR! 
ERR! System Darwin 11.2.0
ERR! command "node" "/usr/local/bin/npm" "install"
ERR! cwd /Users/mike/Documents/TroupeGit/troupe1
ERR! node -v v0.6.11
ERR! npm -v 1.1.1
ERR! file /Users/mike/Documents/TroupeGit/troupe1/package.json
ERR! code EJSONPARSE
ERR! message Failed to parse json
ERR! message Unexpected token }
ERR! errno {}
verbose exit [ 1, true ]
